/home/aidan/ros2_humble/src/RobotController/install/RobotController/lib/python3.10/site-packages/RobotController/SampleNode.py
/home/aidan/ros2_humble/src/RobotController/install/RobotController/lib/python3.10/site-packages/RobotController/MotorController.py
/home/aidan/ros2_humble/src/RobotController/install/RobotController/lib/python3.10/site-packages/RobotController/Subscriber.py
/home/aidan/ros2_humble/src/RobotController/install/RobotController/lib/python3.10/site-packages/RobotController/Motor.py
/home/aidan/ros2_humble/src/RobotController/install/RobotController/lib/python3.10/site-packages/RobotController/__init__.py
/home/aidan/ros2_humble/src/RobotController/install/RobotController/lib/python3.10/site-packages/RobotController/__pycache__/SampleNode.cpython-310.pyc
/home/aidan/ros2_humble/src/RobotController/install/RobotController/lib/python3.10/site-packages/RobotController/__pycache__/MotorController.cpython-310.pyc
/home/aidan/ros2_humble/src/RobotController/install/RobotController/lib/python3.10/site-packages/RobotController/__pycache__/Subscriber.cpython-310.pyc
/home/aidan/ros2_humble/src/RobotController/install/RobotController/lib/python3.10/site-packages/RobotController/__pycache__/Motor.cpython-310.pyc
/home/aidan/ros2_humble/src/RobotController/install/RobotController/lib/python3.10/site-packages/RobotController/__pycache__/__init__.cpython-310.pyc
/home/aidan/ros2_humble/src/RobotController/install/RobotController/share/ament_index/resource_index/packages/RobotController
/home/aidan/ros2_humble/src/RobotController/install/RobotController/share/RobotController/package.xml
/home/aidan/ros2_humble/src/RobotController/install/RobotController/share/RobotController/launch/FARIS_launch.py
/home/aidan/ros2_humble/src/RobotController/install/RobotController/lib/python3.10/site-packages/RobotController-0.0.0-py3.10.egg-info/top_level.txt
/home/aidan/ros2_humble/src/RobotController/install/RobotController/lib/python3.10/site-packages/RobotController-0.0.0-py3.10.egg-info/requires.txt
/home/aidan/ros2_humble/src/RobotController/install/RobotController/lib/python3.10/site-packages/RobotController-0.0.0-py3.10.egg-info/SOURCES.txt
/home/aidan/ros2_humble/src/RobotController/install/RobotController/lib/python3.10/site-packages/RobotController-0.0.0-py3.10.egg-info/entry_points.txt
/home/aidan/ros2_humble/src/RobotController/install/RobotController/lib/python3.10/site-packages/RobotController-0.0.0-py3.10.egg-info/PKG-INFO
/home/aidan/ros2_humble/src/RobotController/install/RobotController/lib/python3.10/site-packages/RobotController-0.0.0-py3.10.egg-info/zip-safe
/home/aidan/ros2_humble/src/RobotController/install/RobotController/lib/python3.10/site-packages/RobotController-0.0.0-py3.10.egg-info/dependency_links.txt
/home/aidan/ros2_humble/src/RobotController/install/RobotController/lib/RobotController/listener
/home/aidan/ros2_humble/src/RobotController/install/RobotController/lib/RobotController/node
