[2.369s] Invoking command in '/home/aidan/ros2_humble/src/RobotController': PYTHONPATH=/home/aidan/ros2_humble/src/RobotController/build/RobotController/prefix_override:/usr/lib/python3/dist-packages/colcon_core/task/python/colcon_distutils_commands:/home/aidan/ros2_humble/src/RobotController/install/RobotController/lib/python3.10/site-packages:${PYTHONPATH} /usr/bin/python3 -W ignore:setup.py install is deprecated -W ignore:easy_install command is deprecated setup.py egg_info --egg-base build/RobotController build --build-base /home/aidan/ros2_humble/src/RobotController/build/RobotController/build install --record /home/aidan/ros2_humble/src/RobotController/build/RobotController/install.log --single-version-externally-managed install_data
[3.292s] running egg_info
[3.294s] creating build/RobotController/RobotController.egg-info
[3.294s] writing build/RobotController/RobotController.egg-info/PKG-INFO
[3.294s] writing dependency_links to build/RobotController/RobotController.egg-info/dependency_links.txt
[3.295s] writing entry points to build/RobotController/RobotController.egg-info/entry_points.txt
[3.295s] writing requirements to build/RobotController/RobotController.egg-info/requires.txt
[3.295s] writing top-level names to build/RobotController/RobotController.egg-info/top_level.txt
[3.296s] writing manifest file 'build/RobotController/RobotController.egg-info/SOURCES.txt'
[3.299s] reading manifest file 'build/RobotController/RobotController.egg-info/SOURCES.txt'
[3.300s] writing manifest file 'build/RobotController/RobotController.egg-info/SOURCES.txt'
[3.301s] running build
[3.301s] running build_py
[3.302s] creating /home/aidan/ros2_humble/src/RobotController/build/RobotController/build
[3.302s] creating /home/aidan/ros2_humble/src/RobotController/build/RobotController/build/lib
[3.302s] creating /home/aidan/ros2_humble/src/RobotController/build/RobotController/build/lib/RobotController
[3.303s] copying RobotController/SampleNode.py -> /home/aidan/ros2_humble/src/RobotController/build/RobotController/build/lib/RobotController
[3.304s] copying RobotController/MotorController.py -> /home/aidan/ros2_humble/src/RobotController/build/RobotController/build/lib/RobotController
[3.304s] copying RobotController/Subscriber.py -> /home/aidan/ros2_humble/src/RobotController/build/RobotController/build/lib/RobotController
[3.304s] copying RobotController/Motor.py -> /home/aidan/ros2_humble/src/RobotController/build/RobotController/build/lib/RobotController
[3.305s] copying RobotController/__init__.py -> /home/aidan/ros2_humble/src/RobotController/build/RobotController/build/lib/RobotController
[3.305s] running install
[3.306s] running install_lib
[3.308s] creating /home/aidan/ros2_humble/src/RobotController/install/RobotController/lib/python3.10/site-packages/RobotController
[3.308s] copying /home/aidan/ros2_humble/src/RobotController/build/RobotController/build/lib/RobotController/SampleNode.py -> /home/aidan/ros2_humble/src/RobotController/install/RobotController/lib/python3.10/site-packages/RobotController
[3.308s] copying /home/aidan/ros2_humble/src/RobotController/build/RobotController/build/lib/RobotController/MotorController.py -> /home/aidan/ros2_humble/src/RobotController/install/RobotController/lib/python3.10/site-packages/RobotController
[3.308s] copying /home/aidan/ros2_humble/src/RobotController/build/RobotController/build/lib/RobotController/Subscriber.py -> /home/aidan/ros2_humble/src/RobotController/install/RobotController/lib/python3.10/site-packages/RobotController
[3.308s] copying /home/aidan/ros2_humble/src/RobotController/build/RobotController/build/lib/RobotController/Motor.py -> /home/aidan/ros2_humble/src/RobotController/install/RobotController/lib/python3.10/site-packages/RobotController
[3.309s] copying /home/aidan/ros2_humble/src/RobotController/build/RobotController/build/lib/RobotController/__init__.py -> /home/aidan/ros2_humble/src/RobotController/install/RobotController/lib/python3.10/site-packages/RobotController
[3.313s] byte-compiling /home/aidan/ros2_humble/src/RobotController/install/RobotController/lib/python3.10/site-packages/RobotController/SampleNode.py to SampleNode.cpython-310.pyc
[3.314s] byte-compiling /home/aidan/ros2_humble/src/RobotController/install/RobotController/lib/python3.10/site-packages/RobotController/MotorController.py to MotorController.cpython-310.pyc
[3.315s] byte-compiling /home/aidan/ros2_humble/src/RobotController/install/RobotController/lib/python3.10/site-packages/RobotController/Subscriber.py to Subscriber.cpython-310.pyc
[3.315s] byte-compiling /home/aidan/ros2_humble/src/RobotController/install/RobotController/lib/python3.10/site-packages/RobotController/Motor.py to Motor.cpython-310.pyc
[3.316s] byte-compiling /home/aidan/ros2_humble/src/RobotController/install/RobotController/lib/python3.10/site-packages/RobotController/__init__.py to __init__.cpython-310.pyc
[3.317s] running install_data
[3.317s] creating /home/aidan/ros2_humble/src/RobotController/install/RobotController/share/ament_index
[3.317s] creating /home/aidan/ros2_humble/src/RobotController/install/RobotController/share/ament_index/resource_index
[3.317s] creating /home/aidan/ros2_humble/src/RobotController/install/RobotController/share/ament_index/resource_index/packages
[3.317s] copying resource/RobotController -> /home/aidan/ros2_humble/src/RobotController/install/RobotController/share/ament_index/resource_index/packages
[3.318s] copying package.xml -> /home/aidan/ros2_humble/src/RobotController/install/RobotController/share/RobotController
[3.318s] creating /home/aidan/ros2_humble/src/RobotController/install/RobotController/share/RobotController/launch
[3.318s] copying launch/FARIS_launch.py -> /home/aidan/ros2_humble/src/RobotController/install/RobotController/share/RobotController/launch
[3.318s] running install_egg_info
[3.325s] Copying build/RobotController/RobotController.egg-info to /home/aidan/ros2_humble/src/RobotController/install/RobotController/lib/python3.10/site-packages/RobotController-0.0.0-py3.10.egg-info
[3.327s] running install_scripts
[3.397s] Installing listener script to /home/aidan/ros2_humble/src/RobotController/install/RobotController/lib/RobotController
[3.398s] Installing node script to /home/aidan/ros2_humble/src/RobotController/install/RobotController/lib/RobotController
[3.398s] writing list of installed files to '/home/aidan/ros2_humble/src/RobotController/build/RobotController/install.log'
[3.466s] Invoked command in '/home/aidan/ros2_humble/src/RobotController' returned '0': PYTHONPATH=/home/aidan/ros2_humble/src/RobotController/build/RobotController/prefix_override:/usr/lib/python3/dist-packages/colcon_core/task/python/colcon_distutils_commands:/home/aidan/ros2_humble/src/RobotController/install/RobotController/lib/python3.10/site-packages:${PYTHONPATH} /usr/bin/python3 -W ignore:setup.py install is deprecated -W ignore:easy_install command is deprecated setup.py egg_info --egg-base build/RobotController build --build-base /home/aidan/ros2_humble/src/RobotController/build/RobotController/build install --record /home/aidan/ros2_humble/src/RobotController/build/RobotController/install.log --single-version-externally-managed install_data
