[0.418s] DEBUG:colcon:Command line arguments: ['/usr/bin/colcon', 'build', '--packages-select', 'RobotController']
[0.418s] DEBUG:colcon:Parsed command line arguments: Namespace(log_base=None, log_level=None, verb_name='build', build_base='build', install_base='install', merge_install=False, symlink_install=False, test_result_base=None, continue_on_error=False, executor='parallel', parallel_workers=6, event_handlers=None, ignore_user_meta=False, metas=['./colcon.meta'], base_paths=['.'], packages_ignore=None, packages_ignore_regex=None, paths=None, packages_up_to=None, packages_up_to_regex=None, packages_above=None, packages_above_and_dependencies=None, packages_above_depth=None, packages_select_by_dep=None, packages_skip_by_dep=None, packages_skip_up_to=None, packages_select_build_failed=False, packages_skip_build_finished=False, packages_select_test_failures=False, packages_skip_test_passed=False, packages_select=['RobotController'], packages_skip=None, packages_select_regex=None, packages_skip_regex=None, packages_start=None, packages_end=None, allow_overriding=[], cmake_args=None, cmake_target=None, cmake_target_skip_unavailable=False, cmake_clean_cache=False, cmake_clean_first=False, cmake_force_configure=False, ament_cmake_args=None, catkin_cmake_args=None, catkin_skip_building_tests=False, mixin_files=None, mixin=None, verb_parser=<colcon_mixin.mixin.mixin_argument.MixinArgumentDecorator object at 0xffffb8697730>, verb_extension=<colcon_core.verb.build.BuildVerb object at 0xffffb8898730>, main=<bound method BuildVerb.main of <colcon_core.verb.build.BuildVerb object at 0xffffb8898730>>, mixin_verb=('build',))
[0.944s] Level 1:colcon.colcon_core.package_discovery:discover_packages(colcon_meta) check parameters
[0.944s] Level 1:colcon.colcon_core.package_discovery:discover_packages(recursive) check parameters
[0.944s] Level 1:colcon.colcon_core.package_discovery:discover_packages(ignore) check parameters
[0.944s] Level 1:colcon.colcon_core.package_discovery:discover_packages(path) check parameters
[0.945s] Level 1:colcon.colcon_core.package_discovery:discover_packages(colcon_meta) discover
[0.945s] Level 1:colcon.colcon_core.package_discovery:discover_packages(recursive) discover
[0.945s] INFO:colcon.colcon_core.package_discovery:Crawling recursively for packages in '/home/aidan/ros2_humble/src/RobotController'
[0.945s] Level 1:colcon.colcon_core.package_identification:_identify(.) by extensions ['ignore', 'ignore_ament_install']
[0.945s] Level 1:colcon.colcon_core.package_identification:_identify(.) by extension 'ignore'
[0.945s] Level 1:colcon.colcon_core.package_identification:_identify(.) by extension 'ignore_ament_install'
[0.946s] Level 1:colcon.colcon_core.package_identification:_identify(.) by extensions ['colcon_pkg']
[0.946s] Level 1:colcon.colcon_core.package_identification:_identify(.) by extension 'colcon_pkg'
[0.946s] Level 1:colcon.colcon_core.package_identification:_identify(.) by extensions ['colcon_meta']
[0.946s] Level 1:colcon.colcon_core.package_identification:_identify(.) by extension 'colcon_meta'
[0.946s] Level 1:colcon.colcon_core.package_identification:_identify(.) by extensions ['ros']
[0.946s] Level 1:colcon.colcon_core.package_identification:_identify(.) by extension 'ros'
[0.976s] DEBUG:colcon.colcon_core.package_identification:Package '.' with type 'ros.ament_python' and name 'RobotController'
[0.976s] Level 1:colcon.colcon_core.package_discovery:discover_packages(recursive) using defaults
[0.976s] Level 1:colcon.colcon_core.package_discovery:discover_packages(ignore) discover
[0.976s] Level 1:colcon.colcon_core.package_discovery:discover_packages(ignore) using defaults
[0.976s] Level 1:colcon.colcon_core.package_discovery:discover_packages(path) discover
[0.976s] Level 1:colcon.colcon_core.package_discovery:discover_packages(path) using defaults
[1.052s] Level 1:colcon.colcon_core.package_discovery:discover_packages(prefix_path) check parameters
[1.052s] Level 1:colcon.colcon_core.package_discovery:discover_packages(prefix_path) discover
[1.103s] DEBUG:colcon.colcon_installed_package_information.package_discovery:Found 352 installed packages in /home/aidan/ros2_humble/install
[1.106s] Level 1:colcon.colcon_core.package_discovery:discover_packages(prefix_path) using defaults
[1.167s] Level 5:colcon.colcon_core.verb:set package 'RobotController' build argument 'cmake_args' from command line to 'None'
[1.167s] Level 5:colcon.colcon_core.verb:set package 'RobotController' build argument 'cmake_target' from command line to 'None'
[1.167s] Level 5:colcon.colcon_core.verb:set package 'RobotController' build argument 'cmake_target_skip_unavailable' from command line to 'False'
[1.167s] Level 5:colcon.colcon_core.verb:set package 'RobotController' build argument 'cmake_clean_cache' from command line to 'False'
[1.167s] Level 5:colcon.colcon_core.verb:set package 'RobotController' build argument 'cmake_clean_first' from command line to 'False'
[1.167s] Level 5:colcon.colcon_core.verb:set package 'RobotController' build argument 'cmake_force_configure' from command line to 'False'
[1.167s] Level 5:colcon.colcon_core.verb:set package 'RobotController' build argument 'ament_cmake_args' from command line to 'None'
[1.167s] Level 5:colcon.colcon_core.verb:set package 'RobotController' build argument 'catkin_cmake_args' from command line to 'None'
[1.167s] Level 5:colcon.colcon_core.verb:set package 'RobotController' build argument 'catkin_skip_building_tests' from command line to 'False'
[1.167s] DEBUG:colcon.colcon_core.verb:Building package 'RobotController' with the following arguments: {'ament_cmake_args': None, 'build_base': '/home/aidan/ros2_humble/src/RobotController/build/RobotController', 'catkin_cmake_args': None, 'catkin_skip_building_tests': False, 'cmake_args': None, 'cmake_clean_cache': False, 'cmake_clean_first': False, 'cmake_force_configure': False, 'cmake_target': None, 'cmake_target_skip_unavailable': False, 'install_base': '/home/aidan/ros2_humble/src/RobotController/install/RobotController', 'merge_install': False, 'path': '/home/aidan/ros2_humble/src/RobotController', 'symlink_install': False, 'test_result_base': None}
[1.168s] INFO:colcon.colcon_core.executor:Executing jobs using 'parallel' executor
[1.170s] DEBUG:colcon.colcon_parallel_executor.executor.parallel:run_until_complete
[1.170s] INFO:colcon.colcon_ros.task.ament_python.build:Building ROS package in '/home/aidan/ros2_humble/src/RobotController' with build type 'ament_python'
[1.171s] Level 1:colcon.colcon_core.shell:create_environment_hook('RobotController', 'ament_prefix_path')
[1.180s] INFO:colcon.colcon_core.plugin_system:Skipping extension 'colcon_core.shell.bat': Not used on non-Windows systems
[1.181s] INFO:colcon.colcon_core.shell:Creating environment hook '/home/aidan/ros2_humble/src/RobotController/install/RobotController/share/RobotController/hook/ament_prefix_path.ps1'
[1.182s] INFO:colcon.colcon_core.shell:Creating environment descriptor '/home/aidan/ros2_humble/src/RobotController/install/RobotController/share/RobotController/hook/ament_prefix_path.dsv'
[1.183s] INFO:colcon.colcon_core.shell:Creating environment hook '/home/aidan/ros2_humble/src/RobotController/install/RobotController/share/RobotController/hook/ament_prefix_path.sh'
[1.185s] INFO:colcon.colcon_core.shell:Skip shell extension 'powershell' for command environment: Not usable outside of PowerShell
[1.185s] DEBUG:colcon.colcon_core.shell:Skip shell extension 'dsv' for command environment
[2.190s] INFO:colcon.colcon_core.task.python.build:Building Python package in '/home/aidan/ros2_humble/src/RobotController'
[2.191s] INFO:colcon.colcon_core.shell:Skip shell extension 'powershell' for command environment: Not usable outside of PowerShell
[2.191s] DEBUG:colcon.colcon_core.shell:Skip shell extension 'dsv' for command environment
[3.540s] DEBUG:colcon.colcon_core.event_handler.log_command:Invoking command in '/home/aidan/ros2_humble/src/RobotController': PYTHONPATH=/home/aidan/ros2_humble/src/RobotController/build/RobotController/prefix_override:/usr/lib/python3/dist-packages/colcon_core/task/python/colcon_distutils_commands:/home/aidan/ros2_humble/src/RobotController/install/RobotController/lib/python3.10/site-packages:${PYTHONPATH} /usr/bin/python3 -W ignore:setup.py install is deprecated -W ignore:easy_install command is deprecated setup.py egg_info --egg-base build/RobotController build --build-base /home/aidan/ros2_humble/src/RobotController/build/RobotController/build install --record /home/aidan/ros2_humble/src/RobotController/build/RobotController/install.log --single-version-externally-managed install_data
[4.637s] DEBUG:colcon.colcon_core.event_handler.log_command:Invoked command in '/home/aidan/ros2_humble/src/RobotController' returned '0': PYTHONPATH=/home/aidan/ros2_humble/src/RobotController/build/RobotController/prefix_override:/usr/lib/python3/dist-packages/colcon_core/task/python/colcon_distutils_commands:/home/aidan/ros2_humble/src/RobotController/install/RobotController/lib/python3.10/site-packages:${PYTHONPATH} /usr/bin/python3 -W ignore:setup.py install is deprecated -W ignore:easy_install command is deprecated setup.py egg_info --egg-base build/RobotController build --build-base /home/aidan/ros2_humble/src/RobotController/build/RobotController/build install --record /home/aidan/ros2_humble/src/RobotController/build/RobotController/install.log --single-version-externally-managed install_data
[4.656s] Level 1:colcon.colcon_core.environment:checking '/home/aidan/ros2_humble/src/RobotController/install/RobotController' for CMake module files
[4.658s] Level 1:colcon.colcon_core.environment:checking '/home/aidan/ros2_humble/src/RobotController/install/RobotController' for CMake config files
[4.662s] Level 1:colcon.colcon_core.environment:checking '/home/aidan/ros2_humble/src/RobotController/install/RobotController/lib'
[4.663s] Level 1:colcon.colcon_core.environment:checking '/home/aidan/ros2_humble/src/RobotController/install/RobotController/bin'
[4.663s] Level 1:colcon.colcon_core.environment:checking '/home/aidan/ros2_humble/src/RobotController/install/RobotController/lib/pkgconfig/RobotController.pc'
[4.665s] Level 1:colcon.colcon_core.environment:checking '/home/aidan/ros2_humble/src/RobotController/install/RobotController/lib/python3.10/site-packages'
[4.665s] Level 1:colcon.colcon_core.shell:create_environment_hook('RobotController', 'pythonpath')
[4.666s] INFO:colcon.colcon_core.shell:Creating environment hook '/home/aidan/ros2_humble/src/RobotController/install/RobotController/share/RobotController/hook/pythonpath.ps1'
[4.671s] INFO:colcon.colcon_core.shell:Creating environment descriptor '/home/aidan/ros2_humble/src/RobotController/install/RobotController/share/RobotController/hook/pythonpath.dsv'
[4.673s] INFO:colcon.colcon_core.shell:Creating environment hook '/home/aidan/ros2_humble/src/RobotController/install/RobotController/share/RobotController/hook/pythonpath.sh'
[4.676s] Level 1:colcon.colcon_core.environment:checking '/home/aidan/ros2_humble/src/RobotController/install/RobotController/bin'
[4.676s] Level 1:colcon.colcon_core.environment:create_environment_scripts_only(RobotController)
[4.677s] INFO:colcon.colcon_core.shell:Creating package script '/home/aidan/ros2_humble/src/RobotController/install/RobotController/share/RobotController/package.ps1'
[4.681s] INFO:colcon.colcon_core.shell:Creating package descriptor '/home/aidan/ros2_humble/src/RobotController/install/RobotController/share/RobotController/package.dsv'
[4.683s] INFO:colcon.colcon_core.shell:Creating package script '/home/aidan/ros2_humble/src/RobotController/install/RobotController/share/RobotController/package.sh'
[4.686s] INFO:colcon.colcon_core.shell:Creating package script '/home/aidan/ros2_humble/src/RobotController/install/RobotController/share/RobotController/package.bash'
[4.689s] INFO:colcon.colcon_core.shell:Creating package script '/home/aidan/ros2_humble/src/RobotController/install/RobotController/share/RobotController/package.zsh'
[4.692s] Level 1:colcon.colcon_core.environment:create_file_with_runtime_dependencies(/home/aidan/ros2_humble/src/RobotController/install/RobotController/share/colcon-core/packages/RobotController)
[4.694s] DEBUG:colcon.colcon_parallel_executor.executor.parallel:closing loop
[4.696s] DEBUG:colcon.colcon_parallel_executor.executor.parallel:loop closed
[4.696s] DEBUG:colcon.colcon_parallel_executor.executor.parallel:run_until_complete finished with '0'
[4.697s] DEBUG:colcon.colcon_core.event_reactor:joining thread
[4.751s] INFO:colcon.colcon_core.plugin_system:Skipping extension 'colcon_notification.desktop_notification.terminal_notifier': Not used on non-Darwin systems
[4.751s] INFO:colcon.colcon_core.plugin_system:Skipping extension 'colcon_notification.desktop_notification.win32': Not used on non-Windows systems
[4.752s] INFO:colcon.colcon_notification.desktop_notification:Sending desktop notification using 'notify2'
[4.795s] DEBUG:colcon.colcon_notification.desktop_notification.notify2:Failed to initialize notify2: org.freedesktop.DBus.Error.Spawn.ChildExited: Process org.freedesktop.Notifications exited with status 1
[4.796s] DEBUG:colcon.colcon_core.event_reactor:joined thread
[4.797s] INFO:colcon.colcon_core.shell:Creating prefix script '/home/aidan/ros2_humble/src/RobotController/install/local_setup.ps1'
[4.801s] INFO:colcon.colcon_core.shell:Creating prefix util module '/home/aidan/ros2_humble/src/RobotController/install/_local_setup_util_ps1.py'
[4.806s] INFO:colcon.colcon_core.shell:Creating prefix chain script '/home/aidan/ros2_humble/src/RobotController/install/setup.ps1'
[4.865s] INFO:colcon.colcon_core.shell:Creating prefix script '/home/aidan/ros2_humble/src/RobotController/install/local_setup.sh'
[4.867s] INFO:colcon.colcon_core.shell:Creating prefix util module '/home/aidan/ros2_humble/src/RobotController/install/_local_setup_util_sh.py'
[4.869s] INFO:colcon.colcon_core.shell:Creating prefix chain script '/home/aidan/ros2_humble/src/RobotController/install/setup.sh'
[4.901s] INFO:colcon.colcon_core.shell:Creating prefix script '/home/aidan/ros2_humble/src/RobotController/install/local_setup.bash'
[4.902s] INFO:colcon.colcon_core.shell:Creating prefix chain script '/home/aidan/ros2_humble/src/RobotController/install/setup.bash'
[4.929s] INFO:colcon.colcon_core.shell:Creating prefix script '/home/aidan/ros2_humble/src/RobotController/install/local_setup.zsh'
[4.930s] INFO:colcon.colcon_core.shell:Creating prefix chain script '/home/aidan/ros2_humble/src/RobotController/install/setup.zsh'
