[0.425s] DEBUG:colcon:Command line arguments: ['/usr/bin/colcon', 'build', '--packages-select', 'RobotController']
[0.425s] DEBUG:colcon:Parsed command line arguments: Namespace(log_base=None, log_level=None, verb_name='build', build_base='build', install_base='install', merge_install=False, symlink_install=False, test_result_base=None, continue_on_error=False, executor='parallel', parallel_workers=6, event_handlers=None, ignore_user_meta=False, metas=['./colcon.meta'], base_paths=['.'], packages_ignore=None, packages_ignore_regex=None, paths=None, packages_up_to=None, packages_up_to_regex=None, packages_above=None, packages_above_and_dependencies=None, packages_above_depth=None, packages_select_by_dep=None, packages_skip_by_dep=None, packages_skip_up_to=None, packages_select_build_failed=False, packages_skip_build_finished=False, packages_select_test_failures=False, packages_skip_test_passed=False, packages_select=['RobotController'], packages_skip=None, packages_select_regex=None, packages_skip_regex=None, packages_start=None, packages_end=None, allow_overriding=[], cmake_args=None, cmake_target=None, cmake_target_skip_unavailable=False, cmake_clean_cache=False, cmake_clean_first=False, cmake_force_configure=False, ament_cmake_args=None, catkin_cmake_args=None, catkin_skip_building_tests=False, mixin_files=None, mixin=None, verb_parser=<colcon_mixin.mixin.mixin_argument.MixinArgumentDecorator object at 0xffff7fc07730>, verb_extension=<colcon_core.verb.build.BuildVerb object at 0xffff7fe08730>, main=<bound method BuildVerb.main of <colcon_core.verb.build.BuildVerb object at 0xffff7fe08730>>, mixin_verb=('build',))
[0.956s] Level 1:colcon.colcon_core.package_discovery:discover_packages(colcon_meta) check parameters
[0.956s] Level 1:colcon.colcon_core.package_discovery:discover_packages(recursive) check parameters
[0.956s] Level 1:colcon.colcon_core.package_discovery:discover_packages(ignore) check parameters
[0.956s] Level 1:colcon.colcon_core.package_discovery:discover_packages(path) check parameters
[0.956s] Level 1:colcon.colcon_core.package_discovery:discover_packages(colcon_meta) discover
[0.956s] Level 1:colcon.colcon_core.package_discovery:discover_packages(recursive) discover
[0.957s] INFO:colcon.colcon_core.package_discovery:Crawling recursively for packages in '/home/aidan/ros2_humble/src/RobotController'
[0.957s] Level 1:colcon.colcon_core.package_identification:_identify(.) by extensions ['ignore', 'ignore_ament_install']
[0.957s] Level 1:colcon.colcon_core.package_identification:_identify(.) by extension 'ignore'
[0.957s] Level 1:colcon.colcon_core.package_identification:_identify(.) by extension 'ignore_ament_install'
[0.957s] Level 1:colcon.colcon_core.package_identification:_identify(.) by extensions ['colcon_pkg']
[0.957s] Level 1:colcon.colcon_core.package_identification:_identify(.) by extension 'colcon_pkg'
[0.957s] Level 1:colcon.colcon_core.package_identification:_identify(.) by extensions ['colcon_meta']
[0.958s] Level 1:colcon.colcon_core.package_identification:_identify(.) by extension 'colcon_meta'
[0.958s] Level 1:colcon.colcon_core.package_identification:_identify(.) by extensions ['ros']
[0.958s] Level 1:colcon.colcon_core.package_identification:_identify(.) by extension 'ros'
[0.987s] DEBUG:colcon.colcon_core.package_identification:Package '.' with type 'ros.ament_python' and name 'RobotController'
[0.988s] Level 1:colcon.colcon_core.package_discovery:discover_packages(recursive) using defaults
[0.988s] Level 1:colcon.colcon_core.package_discovery:discover_packages(ignore) discover
[0.988s] Level 1:colcon.colcon_core.package_discovery:discover_packages(ignore) using defaults
[0.988s] Level 1:colcon.colcon_core.package_discovery:discover_packages(path) discover
[0.988s] Level 1:colcon.colcon_core.package_discovery:discover_packages(path) using defaults
[1.064s] Level 1:colcon.colcon_core.package_discovery:discover_packages(prefix_path) check parameters
[1.064s] Level 1:colcon.colcon_core.package_discovery:discover_packages(prefix_path) discover
[1.115s] DEBUG:colcon.colcon_installed_package_information.package_discovery:Found 352 installed packages in /home/aidan/ros2_humble/install
[1.118s] Level 1:colcon.colcon_core.package_discovery:discover_packages(prefix_path) using defaults
[1.180s] Level 5:colcon.colcon_core.verb:set package 'RobotController' build argument 'cmake_args' from command line to 'None'
[1.180s] Level 5:colcon.colcon_core.verb:set package 'RobotController' build argument 'cmake_target' from command line to 'None'
[1.180s] Level 5:colcon.colcon_core.verb:set package 'RobotController' build argument 'cmake_target_skip_unavailable' from command line to 'False'
[1.180s] Level 5:colcon.colcon_core.verb:set package 'RobotController' build argument 'cmake_clean_cache' from command line to 'False'
[1.180s] Level 5:colcon.colcon_core.verb:set package 'RobotController' build argument 'cmake_clean_first' from command line to 'False'
[1.180s] Level 5:colcon.colcon_core.verb:set package 'RobotController' build argument 'cmake_force_configure' from command line to 'False'
[1.180s] Level 5:colcon.colcon_core.verb:set package 'RobotController' build argument 'ament_cmake_args' from command line to 'None'
[1.180s] Level 5:colcon.colcon_core.verb:set package 'RobotController' build argument 'catkin_cmake_args' from command line to 'None'
[1.180s] Level 5:colcon.colcon_core.verb:set package 'RobotController' build argument 'catkin_skip_building_tests' from command line to 'False'
[1.180s] DEBUG:colcon.colcon_core.verb:Building package 'RobotController' with the following arguments: {'ament_cmake_args': None, 'build_base': '/home/aidan/ros2_humble/src/RobotController/build/RobotController', 'catkin_cmake_args': None, 'catkin_skip_building_tests': False, 'cmake_args': None, 'cmake_clean_cache': False, 'cmake_clean_first': False, 'cmake_force_configure': False, 'cmake_target': None, 'cmake_target_skip_unavailable': False, 'install_base': '/home/aidan/ros2_humble/src/RobotController/install/RobotController', 'merge_install': False, 'path': '/home/aidan/ros2_humble/src/RobotController', 'symlink_install': False, 'test_result_base': None}
[1.181s] INFO:colcon.colcon_core.executor:Executing jobs using 'parallel' executor
[1.183s] DEBUG:colcon.colcon_parallel_executor.executor.parallel:run_until_complete
[1.184s] INFO:colcon.colcon_ros.task.ament_python.build:Building ROS package in '/home/aidan/ros2_humble/src/RobotController' with build type 'ament_python'
[1.184s] Level 1:colcon.colcon_core.shell:create_environment_hook('RobotController', 'ament_prefix_path')
[1.193s] INFO:colcon.colcon_core.plugin_system:Skipping extension 'colcon_core.shell.bat': Not used on non-Windows systems
[1.194s] INFO:colcon.colcon_core.shell:Creating environment hook '/home/aidan/ros2_humble/src/RobotController/install/RobotController/share/RobotController/hook/ament_prefix_path.ps1'
[1.195s] INFO:colcon.colcon_core.shell:Creating environment descriptor '/home/aidan/ros2_humble/src/RobotController/install/RobotController/share/RobotController/hook/ament_prefix_path.dsv'
[1.196s] INFO:colcon.colcon_core.shell:Creating environment hook '/home/aidan/ros2_humble/src/RobotController/install/RobotController/share/RobotController/hook/ament_prefix_path.sh'
[1.198s] INFO:colcon.colcon_core.shell:Skip shell extension 'powershell' for command environment: Not usable outside of PowerShell
[1.198s] DEBUG:colcon.colcon_core.shell:Skip shell extension 'dsv' for command environment
[2.299s] DEBUG:colcon.colcon_parallel_executor.executor.parallel:closing loop
[2.299s] DEBUG:colcon.colcon_parallel_executor.executor.parallel:loop closed
[2.299s] DEBUG:colcon.colcon_parallel_executor.executor.parallel:run_until_complete finished with 'Command '['/usr/bin/python3', '-c', 'import sys;from contextlib import suppress;exec("with suppress(ImportError):    from setuptools.extern.packaging.specifiers    import SpecifierSet");exec("with suppress(ImportError):    from packaging.specifiers import SpecifierSet");from distutils.core import run_setup;dist = run_setup(    \'setup.py\', script_args=(\'--dry-run\',), stop_after=\'config\');skip_keys = (\'cmdclass\', \'distclass\', \'ext_modules\', \'metadata\');data = {    key: value for key, value in dist.__dict__.items()     if (        not key.startswith(\'_\') and         not callable(value) and         key not in skip_keys and         key not in dist.display_option_names    )};data[\'metadata\'] = {    k: v for k, v in dist.metadata.__dict__.items()     if k not in (\'license_files\', \'provides_extras\')};sys.stdout.buffer.write(repr(data).encode(\'utf-8\'))']' returned non-zero exit status 1.'
[2.300s] DEBUG:colcon.colcon_core.event_reactor:joining thread
[2.358s] INFO:colcon.colcon_core.plugin_system:Skipping extension 'colcon_notification.desktop_notification.terminal_notifier': Not used on non-Darwin systems
[2.358s] INFO:colcon.colcon_core.plugin_system:Skipping extension 'colcon_notification.desktop_notification.win32': Not used on non-Windows systems
[2.359s] INFO:colcon.colcon_notification.desktop_notification:Sending desktop notification using 'notify2'
[2.403s] DEBUG:colcon.colcon_notification.desktop_notification.notify2:Failed to initialize notify2: org.freedesktop.DBus.Error.Spawn.ChildExited: Process org.freedesktop.Notifications exited with status 1
[2.403s] DEBUG:colcon.colcon_core.event_reactor:joined thread
[2.404s] INFO:colcon.colcon_core.shell:Creating prefix script '/home/aidan/ros2_humble/src/RobotController/install/local_setup.ps1'
[2.407s] INFO:colcon.colcon_core.shell:Creating prefix util module '/home/aidan/ros2_humble/src/RobotController/install/_local_setup_util_ps1.py'
[2.411s] INFO:colcon.colcon_core.shell:Creating prefix chain script '/home/aidan/ros2_humble/src/RobotController/install/setup.ps1'
[2.467s] INFO:colcon.colcon_core.shell:Creating prefix script '/home/aidan/ros2_humble/src/RobotController/install/local_setup.sh'
[2.468s] INFO:colcon.colcon_core.shell:Creating prefix util module '/home/aidan/ros2_humble/src/RobotController/install/_local_setup_util_sh.py'
[2.470s] INFO:colcon.colcon_core.shell:Creating prefix chain script '/home/aidan/ros2_humble/src/RobotController/install/setup.sh'
[2.501s] INFO:colcon.colcon_core.shell:Creating prefix script '/home/aidan/ros2_humble/src/RobotController/install/local_setup.bash'
[2.502s] INFO:colcon.colcon_core.shell:Creating prefix chain script '/home/aidan/ros2_humble/src/RobotController/install/setup.bash'
[2.529s] INFO:colcon.colcon_core.shell:Creating prefix script '/home/aidan/ros2_humble/src/RobotController/install/local_setup.zsh'
[2.530s] INFO:colcon.colcon_core.shell:Creating prefix chain script '/home/aidan/ros2_humble/src/RobotController/install/setup.zsh'
